-------------------------------------------------------------------------------
Test set: com.netcracker.eductr.tasks.tests.T5_LinkedTaskListEqualsTest
-------------------------------------------------------------------------------
Tests run: 6, Failures: 2, Errors: 0, Skipped: 0, Time elapsed: 0 s <<< FAILURE! - in com.netcracker.eductr.tasks.tests.T5_LinkedTaskListEqualsTest
part3_testEqualsChanged(com.netcracker.eductr.tasks.tests.T5_LinkedTaskListEqualsTest)  Time elapsed: 0 s  <<< FAILURE!
java.lang.AssertionError: Об'єкти мають бути рівні: [Task{title:'A',time:10,startTime:10,endTime:10,repeatInterval:0,active:false},Task{title:'A',time:10,startTime:10,endTime:10,repeatInterval:0,active:false},Task{title:'A',time:10,startTime:10,endTime:10,repeatInterval:0,active:false},Task{title:'A',time:10,startTime:10,endTime:10,repeatInterval:0,active:false},Task{title:'A',time:10,startTime:10,endTime:10,repeatInterval:0,active:false},Task{title:'A',time:10,startTime:10,endTime:10,repeatInterval:0,active:false},Task{title:'A',time:10,startTime:10,endTime:10,repeatInterval:0,active:false},Task{title:'A',time:10,startTime:10,endTime:10,repeatInterval:0,active:false},Task{title:'A',time:10,startTime:10,endTime:10,repeatInterval:0,active:false},Task{title:'A',time:10,startTime:10,endTime:10,repeatInterval:0,active:false}] та [Task{title:'A',time:10,startTime:10,endTime:10,repeatInterval:0,active:false},Task{title:'A',time:10,startTime:10,endTime:10,repeatInterval:0,active:false},Task{title:'A',time:10,startTime:10,endTime:10,repeatInterval:0,active:false},Task{title:'A',time:10,startTime:10,endTime:10,repeatInterval:0,active:false},Task{title:'A',time:10,startTime:10,endTime:10,repeatInterval:0,active:false},Task{title:'A',time:10,startTime:10,endTime:10,repeatInterval:0,active:false},Task{title:'A',time:10,startTime:10,endTime:10,repeatInterval:0,active:false},Task{title:'A',time:10,startTime:10,endTime:10,repeatInterval:0,active:false},Task{title:'A',time:10,startTime:10,endTime:10,repeatInterval:0,active:false},Task{title:'A',time:10,startTime:10,endTime:10,repeatInterval:0,active:false}]
	at com.netcracker.eductr.tasks.tests.T5_LinkedTaskListEqualsTest.part3_testEqualsChanged(T5_LinkedTaskListEqualsTest.java:45)

part6_testHashCode(com.netcracker.eductr.tasks.tests.T5_LinkedTaskListEqualsTest)  Time elapsed: 0 s  <<< FAILURE!
java.lang.AssertionError: Хеш-коди для [Task{title:'A',time:10,startTime:10,endTime:10,repeatInterval:0,active:false},Task{title:'A',time:10,startTime:10,endTime:10,repeatInterval:0,active:false},Task{title:'A',time:10,startTime:10,endTime:10,repeatInterval:0,active:false},Task{title:'A',time:10,startTime:10,endTime:10,repeatInterval:0,active:false},Task{title:'A',time:10,startTime:10,endTime:10,repeatInterval:0,active:false},Task{title:'A',time:10,startTime:10,endTime:10,repeatInterval:0,active:false},Task{title:'A',time:10,startTime:10,endTime:10,repeatInterval:0,active:false},Task{title:'A',time:10,startTime:10,endTime:10,repeatInterval:0,active:false},Task{title:'A',time:10,startTime:10,endTime:10,repeatInterval:0,active:false},Task{title:'A',time:10,startTime:10,endTime:10,repeatInterval:0,active:false}] (262931734) та [Task{title:'A',time:10,startTime:10,endTime:10,repeatInterval:0,active:false},Task{title:'A',time:10,startTime:10,endTime:10,repeatInterval:0,active:false},Task{title:'A',time:10,startTime:10,endTime:10,repeatInterval:0,active:false},Task{title:'A',time:10,startTime:10,endTime:10,repeatInterval:0,active:false},Task{title:'A',time:10,startTime:10,endTime:10,repeatInterval:0,active:false},Task{title:'A',time:10,startTime:10,endTime:10,repeatInterval:0,active:false},Task{title:'A',time:10,startTime:10,endTime:10,repeatInterval:0,active:false},Task{title:'A',time:10,startTime:10,endTime:10,repeatInterval:0,active:false},Task{title:'A',time:10,startTime:10,endTime:10,repeatInterval:0,active:false},Task{title:'A',time:10,startTime:10,endTime:10,repeatInterval:0,active:false}] (-819456057) мають бути рівні
	at com.netcracker.eductr.tasks.tests.T5_LinkedTaskListEqualsTest.part6_testHashCode(T5_LinkedTaskListEqualsTest.java:68)

